# JRE version: OpenJDK Runtime Environment (8.0_202-b03) (build 1.8.0_202-release-1483-b03)
# Java VM: OpenJDK 64-Bit Server VM (25.202-b03 mixed mode windows-amd64 compressed oops)
Heap:
 PSYoungGen      total 219136K, used 44971K [0x00000000e0000000, 0x00000000f3a00000, 0x0000000100000000)
  eden space 193024K, 23% used [0x00000000e0000000,0x00000000e2beac70,0x00000000ebc80000)
  from space 26112K, 0% used [0x00000000ebc80000,0x00000000ebc80000,0x00000000ed600000)
  to   space 44032K, 0% used [0x00000000f0f00000,0x00000000f0f00000,0x00000000f3a00000)
 ParOldGen       total 221696K, used 106336K [0x00000000a0000000, 0x00000000ad880000, 0x00000000e0000000)
  object space 221696K, 47% used [0x00000000a0000000,0x00000000a67d83f0,0x00000000ad880000)
 Metaspace       used 75837K, capacity 78314K, committed 79448K, reserved 1118208K
  class space    used 10045K, capacity 10566K, committed 10880K, reserved 1048576K
GC Heap History (10 events):
Event: 32.510 GC heap before
{Heap before GC invocations=17 (full 3):
 PSYoungGen      total 166400K, used 9586K [0x00000000e0000000, 0x00000000ec680000, 0x0000000100000000)
  eden space 143872K, 0% used [0x00000000e0000000,0x00000000e0000000,0x00000000e8c80000)
  from space 22528K, 42% used [0x00000000ea180000,0x00000000eaadca80,0x00000000eb780000)
  to   space 21504K, 0% used [0x00000000e8c80000,0x00000000e8c80000,0x00000000ea180000)
 ParOldGen       total 79872K, used 44527K [0x00000000a0000000, 0x00000000a4e00000, 0x00000000e0000000)
  object space 79872K, 55% used [0x00000000a0000000,0x00000000a2b7bce8,0x00000000a4e00000)
 Metaspace       used 57130K, capacity 58858K, committed 58968K, reserved 1099776K
  class space    used 7816K, capacity 8238K, committed 8320K, reserved 1048576K
Event: 33.023 GC heap after
Heap after GC invocations=17 (full 3):
 PSYoungGen      total 166400K, used 0K [0x00000000e0000000, 0x00000000ec680000, 0x0000000100000000)
  eden space 143872K, 0% used [0x00000000e0000000,0x00000000e0000000,0x00000000e8c80000)
  from space 22528K, 0% used [0x00000000ea180000,0x00000000ea180000,0x00000000eb780000)
  to   space 21504K, 0% used [0x00000000e8c80000,0x00000000e8c80000,0x00000000ea180000)
 ParOldGen       total 117760K, used 38377K [0x00000000a0000000, 0x00000000a7300000, 0x00000000e0000000)
  object space 117760K, 32% used [0x00000000a0000000,0x00000000a257a610,0x00000000a7300000)
 Metaspace       used 57130K, capacity 58858K, committed 58968K, reserved 1099776K
  class space    used 7816K, capacity 8238K, committed 8320K, reserved 1048576K
}
Event: 37.918 GC heap before
{Heap before GC invocations=18 (full 3):
 PSYoungGen      total 166400K, used 143872K [0x00000000e0000000, 0x00000000ec680000, 0x0000000100000000)
  eden space 143872K, 100% used [0x00000000e0000000,0x00000000e8c80000,0x00000000e8c80000)
  from space 22528K, 0% used [0x00000000ea180000,0x00000000ea180000,0x00000000eb780000)
  to   space 21504K, 0% used [0x00000000e8c80000,0x00000000e8c80000,0x00000000ea180000)
 ParOldGen       total 117760K, used 38377K [0x00000000a0000000, 0x00000000a7300000, 0x00000000e0000000)
  object space 117760K, 32% used [0x00000000a0000000,0x00000000a257a610,0x00000000a7300000)
 Metaspace       used 65483K, capacity 67274K, committed 67416K, reserved 1107968K
  class space    used 8853K, capacity 9320K, committed 9344K, reserved 1048576K
Event: 38.015 GC heap after
Heap after GC invocations=18 (full 3):
 PSYoungGen      total 165376K, used 21501K [0x00000000e0000000, 0x00000000ef600000, 0x0000000100000000)
  eden space 143872K, 0% used [0x00000000e0000000,0x00000000e0000000,0x00000000e8c80000)
  from space 21504K, 99% used [0x00000000e8c80000,0x00000000ea17f4c0,0x00000000ea180000)
  to   space 26624K, 0% used [0x00000000edc00000,0x00000000edc00000,0x00000000ef600000)
 ParOldGen       total 117760K, used 44146K [0x00000000a0000000, 0x00000000a7300000, 0x00000000e0000000)
  object space 117760K, 37% used [0x00000000a0000000,0x00000000a2b1c9a8,0x00000000a7300000)
 Metaspace       used 65483K, capacity 67274K, committed 67416K, reserved 1107968K
  class space    used 8853K, capacity 9320K, committed 9344K, reserved 1048576K
}
Event: 55.750 GC heap before
{Heap before GC invocations=19 (full 3):
 PSYoungGen      total 165376K, used 165373K [0x00000000e0000000, 0x00000000ef600000, 0x0000000100000000)
  eden space 143872K, 100% used [0x00000000e0000000,0x00000000e8c80000,0x00000000e8c80000)
  from space 21504K, 99% used [0x00000000e8c80000,0x00000000ea17f4c0,0x00000000ea180000)
  to   space 26624K, 0% used [0x00000000edc00000,0x00000000edc00000,0x00000000ef600000)
 ParOldGen       total 117760K, used 44146K [0x00000000a0000000, 0x00000000a7300000, 0x00000000e0000000)
  object space 117760K, 37% used [0x00000000a0000000,0x00000000a2b1c9a8,0x00000000a7300000)
 Metaspace       used 74247K, capacity 77134K, committed 77400K, reserved 1116160K
  class space    used 9954K, capacity 10534K, committed 10624K, reserved 1048576K
Event: 55.804 GC heap after
Heap after GC invocations=19 (full 3):
 PSYoungGen      total 212992K, used 14000K [0x00000000e0000000, 0x00000000eef80000, 0x0000000100000000)
  eden space 193024K, 0% used [0x00000000e0000000,0x00000000e0000000,0x00000000ebc80000)
  from space 19968K, 70% used [0x00000000edc00000,0x00000000ee9ac108,0x00000000eef80000)
  to   space 26112K, 0% used [0x00000000ebc80000,0x00000000ebc80000,0x00000000ed600000)
 ParOldGen       total 117760K, used 56294K [0x00000000a0000000, 0x00000000a7300000, 0x00000000e0000000)
  object space 117760K, 47% used [0x00000000a0000000,0x00000000a36f9bd0,0x00000000a7300000)
 Metaspace       used 74247K, capacity 77134K, committed 77400K, reserved 1116160K
  class space    used 9954K, capacity 10534K, committed 10624K, reserved 1048576K
}
Event: 75.296 GC heap before
{Heap before GC invocations=20 (full 3):
 PSYoungGen      total 212992K, used 207024K [0x00000000e0000000, 0x00000000eef80000, 0x0000000100000000)
  eden space 193024K, 100% used [0x00000000e0000000,0x00000000ebc80000,0x00000000ebc80000)
  from space 19968K, 70% used [0x00000000edc00000,0x00000000ee9ac108,0x00000000eef80000)
  to   space 26112K, 0% used [0x00000000ebc80000,0x00000000ebc80000,0x00000000ed600000)
 ParOldGen       total 117760K, used 56294K [0x00000000a0000000, 0x00000000a7300000, 0x00000000e0000000)
  object space 117760K, 47% used [0x00000000a0000000,0x00000000a36f9bd0,0x00000000a7300000)
 Metaspace       used 75424K, capacity 78474K, committed 78808K, reserved 1118208K
  class space    used 10088K, capacity 10692K, committed 10752K, reserved 1048576K
Event: 75.454 GC heap after
Heap after GC invocations=20 (full 3):
 PSYoungGen      total 219136K, used 26111K [0x00000000e0000000, 0x00000000f3a00000, 0x0000000100000000)
  eden space 193024K, 0% used [0x00000000e0000000,0x00000000e0000000,0x00000000ebc80000)
  from space 26112K, 99% used [0x00000000ebc80000,0x00000000ed5ffe78,0x00000000ed600000)
  to   space 44032K, 0% used [0x00000000f0f00000,0x00000000f0f00000,0x00000000f3a00000)
 ParOldGen       total 117760K, used 93976K [0x00000000a0000000, 0x00000000a7300000, 0x00000000e0000000)
  object space 117760K, 79% used [0x00000000a0000000,0x00000000a5bc61e8,0x00000000a7300000)
 Metaspace       used 75424K, capacity 78474K, committed 78808K, reserved 1118208K
  class space    used 10088K, capacity 10692K, committed 10752K, reserved 1048576K
}
Event: 75.454 GC heap before
{Heap before GC invocations=21 (full 4):
 PSYoungGen      total 219136K, used 26111K [0x00000000e0000000, 0x00000000f3a00000, 0x0000000100000000)
  eden space 193024K, 0% used [0x00000000e0000000,0x00000000e0000000,0x00000000ebc80000)
  from space 26112K, 99% used [0x00000000ebc80000,0x00000000ed5ffe78,0x00000000ed600000)
  to   space 44032K, 0% used [0x00000000f0f00000,0x00000000f0f00000,0x00000000f3a00000)
 ParOldGen       total 117760K, used 93976K [0x00000000a0000000, 0x00000000a7300000, 0x00000000e0000000)
  object space 117760K, 79% used [0x00000000a0000000,0x00000000a5bc61e8,0x00000000a7300000)
 Metaspace       used 75424K, capacity 78474K, committed 78808K, reserved 1118208K
  class space    used 10088K, capacity 10692K, committed 10752K, reserved 1048576K
Event: 76.544 GC heap after
Heap after GC invocations=21 (full 4):
 PSYoungGen      total 219136K, used 0K [0x00000000e0000000, 0x00000000f3a00000, 0x0000000100000000)
  eden space 193024K, 0% used [0x00000000e0000000,0x00000000e0000000,0x00000000ebc80000)
  from space 26112K, 0% used [0x00000000ebc80000,0x00000000ebc80000,0x00000000ed600000)
  to   space 44032K, 0% used [0x00000000f0f00000,0x00000000f0f00000,0x00000000f3a00000)
 ParOldGen       total 221696K, used 106336K [0x00000000a0000000, 0x00000000ad880000, 0x00000000e0000000)
  object space 221696K, 47% used [0x00000000a0000000,0x00000000a67d83f0,0x00000000ad880000)
 Metaspace       used 75027K, capacity 77470K, committed 78808K, reserved 1118208K
  class space    used 9947K, capacity 10448K, committed 10752K, reserved 1048576K
}

