# JRE version: OpenJDK Runtime Environment (8.0_202-b03) (build 1.8.0_202-release-1483-b03)
# Java VM: OpenJDK 64-Bit Server VM (25.202-b03 mixed mode windows-amd64 compressed oops)
Heap:
 PSYoungGen      total 89088K, used 69891K [0x00000000e0000000, 0x00000000e6100000, 0x0000000100000000)
  eden space 80896K, 86% used [0x00000000e0000000,0x00000000e4440f68,0x00000000e4f00000)
  from space 8192K, 0% used [0x00000000e5900000,0x00000000e5900000,0x00000000e6100000)
  to   space 9216K, 0% used [0x00000000e4f00000,0x00000000e4f00000,0x00000000e5800000)
 ParOldGen       total 69632K, used 16457K [0x00000000a0000000, 0x00000000a4400000, 0x00000000e0000000)
  object space 69632K, 23% used [0x00000000a0000000,0x00000000a1012770,0x00000000a4400000)
 Metaspace       used 41022K, capacity 41788K, committed 42072K, reserved 1085440K
  class space    used 5478K, capacity 5690K, committed 5720K, reserved 1048576K
GC Heap History (10 events):
Event: 39.547 GC heap before
{Heap before GC invocations=10 (full 1):
 PSYoungGen      total 45568K, used 45259K [0x00000000e0000000, 0x00000000e3b80000, 0x0000000100000000)
  eden space 40960K, 100% used [0x00000000e0000000,0x00000000e2800000,0x00000000e2800000)
  from space 4608K, 93% used [0x00000000e3700000,0x00000000e3b32e08,0x00000000e3b80000)
  to   space 8704K, 0% used [0x00000000e2a80000,0x00000000e2a80000,0x00000000e3300000)
 ParOldGen       total 42496K, used 7330K [0x00000000a0000000, 0x00000000a2980000, 0x00000000e0000000)
  object space 42496K, 17% used [0x00000000a0000000,0x00000000a0728b60,0x00000000a2980000)
 Metaspace       used 28159K, capacity 28638K, committed 28800K, reserved 1075200K
  class space    used 3808K, capacity 3954K, committed 3968K, reserved 1048576K
Event: 39.576 GC heap after
Heap after GC invocations=10 (full 1):
 PSYoungGen      total 52224K, used 5966K [0x00000000e0000000, 0x00000000e4a80000, 0x0000000100000000)
  eden space 43520K, 0% used [0x00000000e0000000,0x00000000e0000000,0x00000000e2a80000)
  from space 8704K, 68% used [0x00000000e2a80000,0x00000000e3053968,0x00000000e3300000)
  to   space 8704K, 0% used [0x00000000e4200000,0x00000000e4200000,0x00000000e4a80000)
 ParOldGen       total 42496K, used 7338K [0x00000000a0000000, 0x00000000a2980000, 0x00000000e0000000)
  object space 42496K, 17% used [0x00000000a0000000,0x00000000a072ab60,0x00000000a2980000)
 Metaspace       used 28159K, capacity 28638K, committed 28800K, reserved 1075200K
  class space    used 3808K, capacity 3954K, committed 3968K, reserved 1048576K
}
Event: 45.501 GC heap before
{Heap before GC invocations=11 (full 1):
 PSYoungGen      total 52224K, used 49486K [0x00000000e0000000, 0x00000000e4a80000, 0x0000000100000000)
  eden space 43520K, 100% used [0x00000000e0000000,0x00000000e2a80000,0x00000000e2a80000)
  from space 8704K, 68% used [0x00000000e2a80000,0x00000000e3053968,0x00000000e3300000)
  to   space 8704K, 0% used [0x00000000e4200000,0x00000000e4200000,0x00000000e4a80000)
 ParOldGen       total 42496K, used 7338K [0x00000000a0000000, 0x00000000a2980000, 0x00000000e0000000)
  object space 42496K, 17% used [0x00000000a0000000,0x00000000a072ab60,0x00000000a2980000)
 Metaspace       used 30982K, capacity 31660K, committed 31744K, reserved 1077248K
  class space    used 4124K, capacity 4312K, committed 4352K, reserved 1048576K
Event: 45.545 GC heap after
Heap after GC invocations=11 (full 1):
 PSYoungGen      total 67584K, used 5747K [0x00000000e0000000, 0x00000000e4d80000, 0x0000000100000000)
  eden space 58880K, 0% used [0x00000000e0000000,0x00000000e0000000,0x00000000e3980000)
  from space 8704K, 66% used [0x00000000e4200000,0x00000000e479cf20,0x00000000e4a80000)
  to   space 8704K, 0% used [0x00000000e3980000,0x00000000e3980000,0x00000000e4200000)
 ParOldGen       total 42496K, used 9782K [0x00000000a0000000, 0x00000000a2980000, 0x00000000e0000000)
  object space 42496K, 23% used [0x00000000a0000000,0x00000000a098db90,0x00000000a2980000)
 Metaspace       used 30982K, capacity 31660K, committed 31744K, reserved 1077248K
  class space    used 4124K, capacity 4312K, committed 4352K, reserved 1048576K
}
Event: 56.022 GC heap before
{Heap before GC invocations=12 (full 1):
 PSYoungGen      total 67584K, used 64627K [0x00000000e0000000, 0x00000000e4d80000, 0x0000000100000000)
  eden space 58880K, 100% used [0x00000000e0000000,0x00000000e3980000,0x00000000e3980000)
  from space 8704K, 66% used [0x00000000e4200000,0x00000000e479cf20,0x00000000e4a80000)
  to   space 8704K, 0% used [0x00000000e3980000,0x00000000e3980000,0x00000000e4200000)
 ParOldGen       total 42496K, used 9782K [0x00000000a0000000, 0x00000000a2980000, 0x00000000e0000000)
  object space 42496K, 23% used [0x00000000a0000000,0x00000000a098db90,0x00000000a2980000)
 Metaspace       used 34312K, capacity 34958K, committed 35072K, reserved 1079296K
  class space    used 4667K, capacity 4857K, committed 4864K, reserved 1048576K
Event: 56.058 GC heap after
Heap after GC invocations=12 (full 1):
 PSYoungGen      total 67584K, used 6435K [0x00000000e0000000, 0x00000000e6180000, 0x0000000100000000)
  eden space 58880K, 0% used [0x00000000e0000000,0x00000000e0000000,0x00000000e3980000)
  from space 8704K, 73% used [0x00000000e3980000,0x00000000e3fc8e90,0x00000000e4200000)
  to   space 8704K, 0% used [0x00000000e5900000,0x00000000e5900000,0x00000000e6180000)
 ParOldGen       total 42496K, used 13717K [0x00000000a0000000, 0x00000000a2980000, 0x00000000e0000000)
  object space 42496K, 32% used [0x00000000a0000000,0x00000000a0d65418,0x00000000a2980000)
 Metaspace       used 34312K, capacity 34958K, committed 35072K, reserved 1079296K
  class space    used 4667K, capacity 4857K, committed 4864K, reserved 1048576K
}
Event: 63.012 GC heap before
{Heap before GC invocations=13 (full 1):
 PSYoungGen      total 67584K, used 13304K [0x00000000e0000000, 0x00000000e6180000, 0x0000000100000000)
  eden space 58880K, 11% used [0x00000000e0000000,0x00000000e06b5520,0x00000000e3980000)
  from space 8704K, 73% used [0x00000000e3980000,0x00000000e3fc8e90,0x00000000e4200000)
  to   space 8704K, 0% used [0x00000000e5900000,0x00000000e5900000,0x00000000e6180000)
 ParOldGen       total 42496K, used 13717K [0x00000000a0000000, 0x00000000a2980000, 0x00000000e0000000)
  object space 42496K, 32% used [0x00000000a0000000,0x00000000a0d65418,0x00000000a2980000)
 Metaspace       used 34619K, capacity 35336K, committed 35416K, reserved 1079296K
  class space    used 4696K, capacity 4899K, committed 4952K, reserved 1048576K
Event: 63.032 GC heap after
Heap after GC invocations=13 (full 1):
 PSYoungGen      total 89088K, used 860K [0x00000000e0000000, 0x00000000e6100000, 0x0000000100000000)
  eden space 80896K, 0% used [0x00000000e0000000,0x00000000e0000000,0x00000000e4f00000)
  from space 8192K, 10% used [0x00000000e5900000,0x00000000e59d70b0,0x00000000e6100000)
  to   space 9216K, 0% used [0x00000000e4f00000,0x00000000e4f00000,0x00000000e5800000)
 ParOldGen       total 42496K, used 16869K [0x00000000a0000000, 0x00000000a2980000, 0x00000000e0000000)
  object space 42496K, 39% used [0x00000000a0000000,0x00000000a10794b8,0x00000000a2980000)
 Metaspace       used 34619K, capacity 35336K, committed 35416K, reserved 1079296K
  class space    used 4696K, capacity 4899K, committed 4952K, reserved 1048576K
}
Event: 63.032 GC heap before
{Heap before GC invocations=14 (full 2):
 PSYoungGen      total 89088K, used 860K [0x00000000e0000000, 0x00000000e6100000, 0x0000000100000000)
  eden space 80896K, 0% used [0x00000000e0000000,0x00000000e0000000,0x00000000e4f00000)
  from space 8192K, 10% used [0x00000000e5900000,0x00000000e59d70b0,0x00000000e6100000)
  to   space 9216K, 0% used [0x00000000e4f00000,0x00000000e4f00000,0x00000000e5800000)
 ParOldGen       total 42496K, used 16869K [0x00000000a0000000, 0x00000000a2980000, 0x00000000e0000000)
  object space 42496K, 39% used [0x00000000a0000000,0x00000000a10794b8,0x00000000a2980000)
 Metaspace       used 34619K, capacity 35336K, committed 35416K, reserved 1079296K
  class space    used 4696K, capacity 4899K, committed 4952K, reserved 1048576K
Event: 63.392 GC heap after
Heap after GC invocations=14 (full 2):
 PSYoungGen      total 89088K, used 0K [0x00000000e0000000, 0x00000000e6100000, 0x0000000100000000)
  eden space 80896K, 0% used [0x00000000e0000000,0x00000000e0000000,0x00000000e4f00000)
  from space 8192K, 0% used [0x00000000e5900000,0x00000000e5900000,0x00000000e6100000)
  to   space 9216K, 0% used [0x00000000e4f00000,0x00000000e4f00000,0x00000000e5800000)
 ParOldGen       total 69632K, used 16457K [0x00000000a0000000, 0x00000000a4400000, 0x00000000e0000000)
  object space 69632K, 23% used [0x00000000a0000000,0x00000000a1012770,0x00000000a4400000)
 Metaspace       used 34574K, capacity 35236K, committed 35416K, reserved 1079296K
  class space    used 4685K, capacity 4887K, committed 4952K, reserved 1048576K
}

