# JRE version: OpenJDK Runtime Environment (8.0_202-b03) (build 1.8.0_202-release-1483-b03)
# Java VM: OpenJDK 64-Bit Server VM (25.202-b03 mixed mode windows-amd64 compressed oops)
Heap:
 PSYoungGen      total 178688K, used 28829K [0x00000000e0000000, 0x00000000eda80000, 0x0000000100000000)
  eden space 165376K, 9% used [0x00000000e0000000,0x00000000e0f4b9b8,0x00000000ea180000)
  from space 13312K, 98% used [0x00000000ecd80000,0x00000000eda5bdc8,0x00000000eda80000)
  to   space 17408K, 0% used [0x00000000eb880000,0x00000000eb880000,0x00000000ec980000)
 ParOldGen       total 112128K, used 47058K [0x00000000a0000000, 0x00000000a6d80000, 0x00000000e0000000)
  object space 112128K, 41% used [0x00000000a0000000,0x00000000a2df4800,0x00000000a6d80000)
 Metaspace       used 71925K, capacity 74163K, committed 74456K, reserved 1114112K
  class space    used 9379K, capacity 9861K, committed 9984K, reserved 1048576K
GC Heap History (10 events):
Event: 66.409 GC heap before
{Heap before GC invocations=15 (full 2):
 PSYoungGen      total 147456K, used 126380K [0x00000000e0000000, 0x00000000ea180000, 0x0000000100000000)
  eden space 133120K, 86% used [0x00000000e0000000,0x00000000e70ae4c0,0x00000000e8200000)
  from space 14336K, 76% used [0x00000000e9080000,0x00000000e9b3cc98,0x00000000e9e80000)
  to   space 14848K, 0% used [0x00000000e8200000,0x00000000e8200000,0x00000000e9080000)
 ParOldGen       total 70144K, used 30225K [0x00000000a0000000, 0x00000000a4480000, 0x00000000e0000000)
  object space 70144K, 43% used [0x00000000a0000000,0x00000000a1d84750,0x00000000a4480000)
 Metaspace       used 57284K, capacity 58988K, committed 59028K, reserved 1099776K
  class space    used 7738K, capacity 8176K, committed 8192K, reserved 1048576K
Event: 66.455 GC heap after
Heap after GC invocations=15 (full 2):
 PSYoungGen      total 147968K, used 8611K [0x00000000e0000000, 0x00000000ec980000, 0x0000000100000000)
  eden space 133120K, 0% used [0x00000000e0000000,0x00000000e0000000,0x00000000e8200000)
  from space 14848K, 57% used [0x00000000e8200000,0x00000000e8a68cd0,0x00000000e9080000)
  to   space 14336K, 0% used [0x00000000ebb80000,0x00000000ebb80000,0x00000000ec980000)
 ParOldGen       total 70144K, used 36787K [0x00000000a0000000, 0x00000000a4480000, 0x00000000e0000000)
  object space 70144K, 52% used [0x00000000a0000000,0x00000000a23eccf0,0x00000000a4480000)
 Metaspace       used 57284K, capacity 58988K, committed 59028K, reserved 1099776K
  class space    used 7738K, capacity 8176K, committed 8192K, reserved 1048576K
}
Event: 66.455 GC heap before
{Heap before GC invocations=16 (full 3):
 PSYoungGen      total 147968K, used 8611K [0x00000000e0000000, 0x00000000ec980000, 0x0000000100000000)
  eden space 133120K, 0% used [0x00000000e0000000,0x00000000e0000000,0x00000000e8200000)
  from space 14848K, 57% used [0x00000000e8200000,0x00000000e8a68cd0,0x00000000e9080000)
  to   space 14336K, 0% used [0x00000000ebb80000,0x00000000ebb80000,0x00000000ec980000)
 ParOldGen       total 70144K, used 36787K [0x00000000a0000000, 0x00000000a4480000, 0x00000000e0000000)
  object space 70144K, 52% used [0x00000000a0000000,0x00000000a23eccf0,0x00000000a4480000)
 Metaspace       used 57284K, capacity 58988K, committed 59028K, reserved 1099776K
  class space    used 7738K, capacity 8176K, committed 8192K, reserved 1048576K
Event: 67.092 GC heap after
Heap after GC invocations=16 (full 3):
 PSYoungGen      total 147968K, used 0K [0x00000000e0000000, 0x00000000ec980000, 0x0000000100000000)
  eden space 133120K, 0% used [0x00000000e0000000,0x00000000e0000000,0x00000000e8200000)
  from space 14848K, 0% used [0x00000000e8200000,0x00000000e8200000,0x00000000e9080000)
  to   space 14336K, 0% used [0x00000000ebb80000,0x00000000ebb80000,0x00000000ec980000)
 ParOldGen       total 112128K, used 39128K [0x00000000a0000000, 0x00000000a6d80000, 0x00000000e0000000)
  object space 112128K, 34% used [0x00000000a0000000,0x00000000a2636068,0x00000000a6d80000)
 Metaspace       used 57284K, capacity 58988K, committed 59028K, reserved 1099776K
  class space    used 7738K, capacity 8176K, committed 8192K, reserved 1048576K
}
Event: 574.287 GC heap before
{Heap before GC invocations=17 (full 3):
 PSYoungGen      total 147968K, used 133120K [0x00000000e0000000, 0x00000000ec980000, 0x0000000100000000)
  eden space 133120K, 100% used [0x00000000e0000000,0x00000000e8200000,0x00000000e8200000)
  from space 14848K, 0% used [0x00000000e8200000,0x00000000e8200000,0x00000000e9080000)
  to   space 14336K, 0% used [0x00000000ebb80000,0x00000000ebb80000,0x00000000ec980000)
 ParOldGen       total 112128K, used 39128K [0x00000000a0000000, 0x00000000a6d80000, 0x00000000e0000000)
  object space 112128K, 34% used [0x00000000a0000000,0x00000000a2636068,0x00000000a6d80000)
 Metaspace       used 60172K, capacity 62176K, committed 62424K, reserved 1103872K
  class space    used 7939K, capacity 8417K, committed 8448K, reserved 1048576K
Event: 574.340 GC heap after
Heap after GC invocations=17 (full 3):
 PSYoungGen      total 169984K, used 7161K [0x00000000e0000000, 0x00000000ec280000, 0x0000000100000000)
  eden space 162816K, 0% used [0x00000000e0000000,0x00000000e0000000,0x00000000e9f00000)
  from space 7168K, 99% used [0x00000000ebb80000,0x00000000ec27e7c8,0x00000000ec280000)
  to   space 13824K, 0% used [0x00000000ea780000,0x00000000ea780000,0x00000000eb500000)
 ParOldGen       total 112128K, used 39136K [0x00000000a0000000, 0x00000000a6d80000, 0x00000000e0000000)
  object space 112128K, 34% used [0x00000000a0000000,0x00000000a2638068,0x00000000a6d80000)
 Metaspace       used 60172K, capacity 62176K, committed 62424K, reserved 1103872K
  class space    used 7939K, capacity 8417K, committed 8448K, reserved 1048576K
}
Event: 618.410 GC heap before
{Heap before GC invocations=18 (full 3):
 PSYoungGen      total 169984K, used 169977K [0x00000000e0000000, 0x00000000ec280000, 0x0000000100000000)
  eden space 162816K, 100% used [0x00000000e0000000,0x00000000e9f00000,0x00000000e9f00000)
  from space 7168K, 99% used [0x00000000ebb80000,0x00000000ec27e7c8,0x00000000ec280000)
  to   space 13824K, 0% used [0x00000000ea780000,0x00000000ea780000,0x00000000eb500000)
 ParOldGen       total 112128K, used 39136K [0x00000000a0000000, 0x00000000a6d80000, 0x00000000e0000000)
  object space 112128K, 34% used [0x00000000a0000000,0x00000000a2638068,0x00000000a6d80000)
 Metaspace       used 66195K, capacity 68229K, committed 68312K, reserved 1107968K
  class space    used 8746K, capacity 9195K, committed 9216K, reserved 1048576K
Event: 618.459 GC heap after
Heap after GC invocations=18 (full 3):
 PSYoungGen      total 185344K, used 13821K [0x00000000e0000000, 0x00000000ede00000, 0x0000000100000000)
  eden space 171520K, 0% used [0x00000000e0000000,0x00000000e0000000,0x00000000ea780000)
  from space 13824K, 99% used [0x00000000ea780000,0x00000000eb4ff568,0x00000000eb500000)
  to   space 16896K, 0% used [0x00000000ecd80000,0x00000000ecd80000,0x00000000ede00000)
 ParOldGen       total 112128K, used 42201K [0x00000000a0000000, 0x00000000a6d80000, 0x00000000e0000000)
  object space 112128K, 37% used [0x00000000a0000000,0x00000000a2936710,0x00000000a6d80000)
 Metaspace       used 66195K, capacity 68229K, committed 68312K, reserved 1107968K
  class space    used 8746K, capacity 9195K, committed 9216K, reserved 1048576K
}
Event: 706.376 GC heap before
{Heap before GC invocations=19 (full 3):
 PSYoungGen      total 185344K, used 185341K [0x00000000e0000000, 0x00000000ede00000, 0x0000000100000000)
  eden space 171520K, 100% used [0x00000000e0000000,0x00000000ea780000,0x00000000ea780000)
  from space 13824K, 99% used [0x00000000ea780000,0x00000000eb4ff568,0x00000000eb500000)
  to   space 16896K, 0% used [0x00000000ecd80000,0x00000000ecd80000,0x00000000ede00000)
 ParOldGen       total 112128K, used 42201K [0x00000000a0000000, 0x00000000a6d80000, 0x00000000e0000000)
  object space 112128K, 37% used [0x00000000a0000000,0x00000000a2936710,0x00000000a6d80000)
 Metaspace       used 71889K, capacity 74099K, committed 74456K, reserved 1114112K
  class space    used 9379K, capacity 9861K, committed 9984K, reserved 1048576K
Event: 706.440 GC heap after
Heap after GC invocations=19 (full 3):
 PSYoungGen      total 178688K, used 13167K [0x00000000e0000000, 0x00000000eda80000, 0x0000000100000000)
  eden space 165376K, 0% used [0x00000000e0000000,0x00000000e0000000,0x00000000ea180000)
  from space 13312K, 98% used [0x00000000ecd80000,0x00000000eda5bdc8,0x00000000eda80000)
  to   space 17408K, 0% used [0x00000000eb880000,0x00000000eb880000,0x00000000ec980000)
 ParOldGen       total 112128K, used 47058K [0x00000000a0000000, 0x00000000a6d80000, 0x00000000e0000000)
  object space 112128K, 41% used [0x00000000a0000000,0x00000000a2df4800,0x00000000a6d80000)
 Metaspace       used 71889K, capacity 74099K, committed 74456K, reserved 1114112K
  class space    used 9379K, capacity 9861K, committed 9984K, reserved 1048576K
}

